[Message:   BepInEx] BepInEx 5.4.21.0 - Lethal Company (2023/12/10 22:59:32)
[Info   :   BepInEx] Running under Unity v2022.3.9.15351836
[Info   :   BepInEx] CLR runtime version: 4.0.30319.42000
[Info   :   BepInEx] Supports SRE: True
[Info   :   BepInEx] System platform: Bits64, Windows
[Message:   BepInEx] Preloader started
[Info   :   BepInEx] Loaded 1 patcher method from [BepInEx.Preloader 5.4.21.0]
[Info   :   BepInEx] 1 patcher plugin loaded
[Info   :   BepInEx] Patching [UnityEngine.CoreModule] with [BepInEx.Chainloader]
[Message:   BepInEx] Preloader finished
[Message:   BepInEx] Chainloader ready
[Message:   BepInEx] Chainloader started
[Info   :   BepInEx] 11 plugins to load
[Warning:   BepInEx] Plugin [MoreEmotes-Sligili 1.2.2] targets a wrong version of BepInEx (5.4.22.0) and might not work until you update
[Warning:   BepInEx] Plugin [Custom Boombox Music 1.4.0] targets a wrong version of BepInEx (5.4.22.0) and might not work until you update
[Warning:   BepInEx] Plugin [3rd Person 1.1.0] targets a wrong version of BepInEx (5.4.22.0) and might not work until you update
[Warning:   BepInEx] Plugin [HDLethalCompany-Sligili 1.5.6] targets a wrong version of BepInEx (5.4.22.0) and might not work until you update
[Warning:   BepInEx] Plugin [LethalExpansion 1.3.22] targets a wrong version of BepInEx (5.4.22.0) and might not work until you update
[Info   :   BepInEx] Loading [Custom Boombox Music 1.4.0]
[Info   :Custom Boombox Music] Loading...
[Info   :Custom Boombox Music] Created directory at E:\SteamLibrary\steamapps\common\Lethal Company\BepInEx\Custom Songs\Boombox Music
[Info   :Custom Boombox Music] Initializing config...
[Info   :Custom Boombox Music] Config initialized!
[Info   :Custom Boombox Music] Loading Complete!
[Info   :   BepInEx] Loading [HDLethalCompany-Sligili 1.5.6]
[Info   :HDLethalCompany-Sligili] HDLethalCompany loaded
[Info   :   BepInEx] Loading [MoreCompany 1.7.6]
[Info   :MoreCompany] Loading MoreCompany...
[Info   :MoreCompany] Checking: E:\SteamLibrary\steamapps\common\Lethal Company\BepInEx\plugins/MoreCompanyCosmetics
[Info   :MoreCompany] Read settings and cosmetics
[Info   :MoreCompany] Loaded cosmetic: builtin.3dglasses from bundle
[Info   :MoreCompany] Loaded cosmetic: builtin.bunnyears from bundle
[Info   :MoreCompany] Loaded cosmetic: builtin.denimhat from bundle
[Info   :MoreCompany] Loaded cosmetic: builtin.fancyglasses from bundle
[Info   :MoreCompany] Loaded cosmetic: builtin.partyglasses from bundle
[Info   :MoreCompany] Loaded cosmetic: builtin.gunholster from bundle
[Info   :MoreCompany] Loaded cosmetic: builtin.hardhat from bundle
[Info   :MoreCompany] Loaded cosmetic: builtin.jesterhat from bundle
[Info   :MoreCompany] Loaded cosmetic: builtin.kittyears from bundle
[Info   :MoreCompany] Loaded cosmetic: builtin.mimemask from bundle
[Info   :MoreCompany] Loaded cosmetic: builtin.fancypants from bundle
[Info   :MoreCompany] Loaded cosmetic: builtin.outoforder from bundle
[Info   :MoreCompany] Loaded cosmetic: builtin.partyhat from bundle
[Info   :MoreCompany] Loaded cosmetic: builtin.plaguemask from bundle
[Info   :MoreCompany] Loaded cosmetic: builtin.propellerhat from bundle
[Info   :MoreCompany] Loaded cosmetic: builtin.eyeballs from bundle
[Info   :MoreCompany] Loaded cosmetic: builtin.rudolph from bundle
[Info   :MoreCompany] Loaded cosmetic: builtin.santahat from bundle
[Info   :MoreCompany] Loaded cosmetic: builtin.slimething from bundle
[Info   :MoreCompany] Loaded cosmetic: builtin.tophat from bundle
[Info   :MoreCompany] Loaded cosmetic: builtin.watch from bundle
[Info   :MoreCompany] Loading USER COSMETICS...
[Info   :MoreCompany] Loaded MoreCompany FULLY
[Info   :   BepInEx] Loading [LethalExpansion 1.3.22]
[Info   :LethalExpansion] PluginName: LethalExpansion, VersionString: 1.3.22 is loading...
[Info   :LethalExpansion] Getting other plugins list
[Info   :LethalExpansion]                               
[Info   :LethalExpansion] Plugin: Custom Boombox Music - Version: 1.4.0 - Compatibility: unknown
[Info   :LethalExpansion] ------------------------------
[Info   :LethalExpansion]                               
[Info   :LethalExpansion] Plugin: HDLethalCompany-Sligili - Version: 1.5.6 - Compatibility: good
[Info   :LethalExpansion] ------------------------------
[Info   :LethalExpansion]                               
[Warning:LethalExpansion] Plugin: MoreCompany - Version: 1.7.6 - Compatibility: medium
[Info   :LethalExpansion] ------------------------------
[Info   :LethalExpansion] Plugins folder found: E:\SteamLibrary\steamapps\common\Lethal Company\BepInEx\plugins
[Info   :LethalExpansion] Mod path is: E:\SteamLibrary\steamapps\common\Lethal Company\BepInEx\plugins
[Warning:LethalExpansion] LethalExpansion is Rooting the Plugins folder, this is not recommended. E:\SteamLibrary\steamapps\common\Lethal Company\BepInEx\plugins
[Info   :LethalExpansion] Module found: OldSeaPort v1.3.15.0 Loaded in 2235ms
[Info   :LethalExpansion] Module found: TemplateMod v1.3.17.0 Loaded in 262ms
[Info   :LethalExpansion] Water support applied to the HDRenderPipelineAsset.
[Info   :LethalExpansion] PluginName: LethalExpansion, VersionString: 1.3.22 is loaded.
[Info   :   BepInEx] Loading [3rd Person 1.1.0]
[Info   :3rd Person] 3rd Person Mod Loaded.
[Info   :   BepInEx] Loading [ModelReplacementAPI 2.3.2]
[Info   :meow.ModelReplacementAPI] Plugin meow.ModelReplacementAPI is loadeEEEEEEEEEd!
[Info   :   BepInEx] Loading [MoreEmotes-Sligili 1.2.2]
[Info   :MoreEmotes-Sligili] MoreEmotes loaded
[Info   :   BepInEx] Loading [MoreItems 1.0.0]
[Info   : MoreItems] Plugin MoreItems is loaded!
[Info   :   BepInEx] Loading [Genshin Model Replacements 1.0.0]
[Info   :   Console] HololiveModelReplacements.mbundle
[Info   :meow.ModelReplacementAPI] Registering body replacement type GenshinModelAdditions.Replacements.EulaReplacement to suit name eula.
[Info   :meow.ModelReplacementAPI] Registering body replacement type GenshinModelAdditions.Replacements.GanyuReplacement to suit name ganyu.
[Info   :meow.ModelReplacementAPI] Registering body replacement type GenshinModelAdditions.Replacements.HutaoReplacement to suit name hutao.
[Info   :meow.ModelReplacementAPI] Registering body replacement type GenshinModelAdditions.Replacements.KeqingReplacement to suit name keqing.
[Info   :meow.ModelReplacementAPI] Registering body replacement type GenshinModelAdditions.Replacements.KiraraReplacement to suit name kirara.
[Info   :meow.ModelReplacementAPI] Registering body replacement type GenshinModelAdditions.Replacements.MikoReplacement to suit name miko.
[Info   :meow.ModelReplacementAPI] Registering body replacement type GenshinModelAdditions.Replacements.MonaReplacement to suit name mona.
[Info   :   BepInEx] Loading [Hololive Company 1.3.0]
[Info   :   Console] HololiveModelReplacements.mbundle
[Info   :meow.ModelReplacementAPI] Registering body replacement type HololiveModelAdditions.Replacements.KiaraReplacement to suit name kiara.
[Info   :meow.ModelReplacementAPI] Registering body replacement type HololiveModelAdditions.Replacements.BotanReplacement to suit name botan.
[Info   :meow.ModelReplacementAPI] Registering body replacement type HololiveModelAdditions.Replacements.GuraReplacement to suit name gura.
[Info   :meow.ModelReplacementAPI] Registering body replacement type HololiveModelAdditions.Replacements.LamyReplacement to suit name lamy.
[Info   :meow.ModelReplacementAPI] Registering body replacement type HololiveModelAdditions.Replacements.OkayuReplacement to suit name okayu.
[Info   :meow.ModelReplacementAPI] Registering body replacement type HololiveModelAdditions.Replacements.WatameReplacement to suit name watame.
[Info   :meow.ModelReplacementAPI] Registering body replacement type HololiveModelAdditions.Replacements.PekoraReplacement to suit name pekora.
[Info   :meow.ModelReplacementAPI] Registering body replacement type HololiveModelAdditions.Replacements.KoyoriReplacement to suit name koyori.
[Info   :meow.ModelReplacementAPI] Registering body replacement type HololiveModelAdditions.Replacements.KoroneReplacement to suit name korone.
[Info   :meow.ModelReplacementAPI] Registering body replacement type HololiveModelAdditions.Replacements.PolkaReplacement to suit name polka.
[Info   :meow.ModelReplacementAPI] Registering body replacement type HololiveModelAdditions.Replacements.TowaReplacement to suit name towa.
[Info   :meow.ModelReplacementAPI] Registering body replacement type HololiveModelAdditions.Replacements.MarineReplacement to suit name marine.
[Info   :meow.ModelReplacementAPI] Registering body replacement type HololiveModelAdditions.Replacements.KanataReplacement to suit name kanata.
[Info   :   BepInEx] Loading [More Suits 1.4.1]
[Info   :More Suits] Plugin More Suits is loaded!
[Message:   BepInEx] Chainloader startup complete
[Info   :LethalExpansion] Loading scene: InitSceneLaunchOptions
[Info   :3rd Person] Local Player Caching Initialized.
[Info   :3rd Person] Keybinding Initialized, Current Keybind f.
[Info   :3rd Person] Third Person Camera Initialized.
[Info   :3rd Person] Open Menu Hooked.
[Info   :3rd Person] Close Menu Hooked.
[Info   :3rd Person] Open Terminal Hooked.
[Info   :3rd Person] Close Terminal Hooked.
[Info   :3rd Person] Player Look Input Hooked.
[Info   :3rd Person] Player Killed Hooked.
[Info   :3rd Person] Hooks Initialized.
[Info   : Unity Log] Saving changed settings
[Info   :LethalExpansion] Unloading scene: InitSceneLaunchOptions
[Info   : Unity Log] subcribing to steam callbacks
[Info   :LethalExpansion] Loading scene: InitScene
[Info   :LethalExpansion] itemshipanimcontainer Prefab registered.
[Info   :LethalExpansion] Battery Scrap registered.
[Info   :LethalExpansion] Canned Food Scrap registered.
[Info   :LethalExpansion] Matchbox Scrap registered.
[Info   :LethalExpansion] Pills Scrap registered.
[Info   :LethalExpansion] Tape Scrap registered.
[Error  : Unity Log] NullReferenceException: Object reference not set to an instance of an object
Stack trace:
MoreEmotes.Patch.EmotePatch.MenuStart (MenuManager __instance) (at <f5da28d14d8446a1a30ddc07194617c6>:0)
(wrapper dynamic-method) MenuManager.DMD<MenuManager::Start>(MenuManager)

[Info   :LethalExpansion] Unloading scene: InitScene
[Info   :LethalExpansion] Loading scene: MainMenu
[Info   : Unity Log] Returning week num: 5
[Info   : Unity Log] week num: 5
[Info   : Unity Log] Set challenge moon completed A
[Info   : Unity Log] unsubscribing from steam callbacks
